Using pre-set license
Built from '2020.3/release' branch; Version is '2020.3.2f1 (8fd9074bf66c) revision 9427207'; Using compiler version '192528614'; Build Type 'Release'
OS: 'Windows 10 Home; OS build 18363.1440; Version 1909; 64bit' Language: 'es' Physical Memory: 12171 MB
BatchMode: 1, IsHumanControllingUs: 0, StartBugReporterOnCrash: 0, Is64bit: 1, IsPro: 0

 COMMAND LINE ARGUMENTS:
C:\Program Files\Unity\Hub\Editor\2020.3.2f1\Editor\Unity.exe
-adb2
-batchMode
-noUpm
-name
AssetImportWorker0
-projectPath
C:/Users/adria/Documents/unity proyects/game 2d/SUPER HUMANO
-logFile
Logs/AssetImportWorker0.log
-srvPort
54025
Successfully changed project path to: C:/Users/adria/Documents/unity proyects/game 2d/SUPER HUMANO
C:/Users/adria/Documents/unity proyects/game 2d/SUPER HUMANO
Using Asset Import Pipeline V2.
Refreshing native plugins compatible for Editor in 54.03 ms, found 0 plugins.
Preloading 0 native plugins for Editor in 0.00 ms.
Initialize engine version: 2020.3.2f1 (8fd9074bf66c)
[Subsystems] Discovering subsystems at path C:/Program Files/Unity/Hub/Editor/2020.3.2f1/Editor/Data/Resources/UnitySubsystems
[Subsystems] Discovering subsystems at path C:/Users/adria/Documents/unity proyects/game 2d/SUPER HUMANO/Assets
GfxDevice: creating device client; threaded=0
Direct3D:
    Version:  Direct3D 11.0 [level 11.0]
    Renderer: NVIDIA GeForce GTX 760M (ID=0x11e3)
    Vendor:   
    VRAM:     2009 MB
    Driver:   25.21.14.2531
Initialize mono
Mono path[0] = 'C:/Program Files/Unity/Hub/Editor/2020.3.2f1/Editor/Data/Managed'
Mono path[1] = 'C:/Program Files/Unity/Hub/Editor/2020.3.2f1/Editor/Data/MonoBleedingEdge/lib/mono/unityjit'
Mono config path = 'C:/Program Files/Unity/Hub/Editor/2020.3.2f1/Editor/Data/MonoBleedingEdge/etc'
Using monoOptions --debugger-agent=transport=dt_socket,embedding=1,server=y,suspend=n,address=127.0.0.1:56644
Begin MonoManager ReloadAssembly
Registering precompiled unity dll's ...
Register platform support module: C:/Program Files/Unity/Hub/Editor/2020.3.2f1/Editor/Data/PlaybackEngines/WindowsStandaloneSupport/UnityEditor.WindowsStandalone.Extensions.dll
Registered in 0.005969 seconds.
Native extension for WindowsStandalone target not found
Refreshing native plugins compatible for Editor in 40.48 ms, found 0 plugins.
Preloading 0 native plugins for Editor in 0.00 ms.
Invoked RoslynAnalysisRunner static constructor.
RoslynAnalysisRunner will not be running.
RoslynAnalysisRunner has terminated.
Mono: successfully reloaded assembly
- Completed reload, in  2.845 seconds
Platform modules already initialized, skipping
Registering precompiled user dll's ...
Registered in 0.002217 seconds.
Begin MonoManager ReloadAssembly
Native extension for WindowsStandalone target not found
Refreshing native plugins compatible for Editor in 0.25 ms, found 0 plugins.
Preloading 0 native plugins for Editor in 0.00 ms.
Invoked RoslynAnalysisRunner static constructor.
RoslynAnalysisRunner will not be running.
RoslynAnalysisRunner has terminated.
Mono: successfully reloaded assembly
- Completed reload, in  1.327 seconds
Platform modules already initialized, skipping
========================================================================
Worker process is ready to serve import requests
Launched and connected shader compiler UnityShaderCompiler.exe after 0.11 seconds
Refreshing native plugins compatible for Editor in 0.46 ms, found 0 plugins.
Preloading 0 native plugins for Editor in 0.00 ms.
Unloading 1115 Unused Serialized files (Serialized files now loaded: 0)
System memory in use before: 57.1 MB.
System memory in use after: 57.1 MB.

Unloading 10 unused Assets to reduce memory usage. Loaded Objects now: 1557.
Total: 4.482500 ms (FindLiveObjects: 0.388300 ms CreateObjectMapping: 0.197800 ms MarkObjects: 3.666300 ms  DeleteObjects: 0.227100 ms)

========================================================================
Received Import Request.
  path: Assets
  artifactKey: Guid(00000000000000001000000000000000) Importer(815301076,1909f56bfc062723c751e8b465ee728b)
Start importing Assets using Guid(00000000000000001000000000000000) Importer(815301076,1909f56bfc062723c751e8b465ee728b)  -> (artifact id: '819a33a9bd799f71faca6db75e8a216c') in 0.008080 seconds
  Import took 0.011271 seconds .

========================================================================
Received Import Request.
  Time since last request: 12.997861 seconds.
  path: Assets/VIDEO ESTADO.fbx
  artifactKey: Guid(6930269d486fe614cae7b25bc054be6f) Importer(815301076,1909f56bfc062723c751e8b465ee728b)
Start importing Assets/VIDEO ESTADO.fbx using Guid(6930269d486fe614cae7b25bc054be6f) Importer(815301076,1909f56bfc062723c751e8b465ee728b)  -> (artifact id: 'c626057fe5d62bc2bc10171b49eec41f') in 0.751136 seconds
  Import took 0.755499 seconds .

========================================================================
Received Import Request.
  Time since last request: 0.000406 seconds.
  path: Assets/VIDEO ESTADO@Idle.fbx
  artifactKey: Guid(a69e188c593517648b07238871c63827) Importer(815301076,1909f56bfc062723c751e8b465ee728b)
Start importing Assets/VIDEO ESTADO@Idle.fbx using Guid(a69e188c593517648b07238871c63827) Importer(815301076,1909f56bfc062723c751e8b465ee728b)  -> (artifact id: 'dd82286c1730f630c205c3cb0d4e3f09') in 0.009960 seconds
  Import took 0.013150 seconds .

========================================================================
Received Import Request.
  Time since last request: 0.000720 seconds.
  path: Assets/VIDEO ESTADO@Running.fbx
  artifactKey: Guid(ff8acc986c2b6914398a7b14b571b7de) Importer(815301076,1909f56bfc062723c751e8b465ee728b)
Start importing Assets/VIDEO ESTADO@Running.fbx using Guid(ff8acc986c2b6914398a7b14b571b7de) Importer(815301076,1909f56bfc062723c751e8b465ee728b)  -> (artifact id: '6c5478fa0eaf558724b7493dd820d495') in 0.012032 seconds
  Import took 0.016220 seconds .

========================================================================
Received Import Request.
  Time since last request: 25.184996 seconds.
  path: Assets/VIDEO ESTADO.fbx
  artifactKey: Guid(6930269d486fe614cae7b25bc054be6f) Importer(815301076,1909f56bfc062723c751e8b465ee728b)
Start importing Assets/VIDEO ESTADO.fbx using Guid(6930269d486fe614cae7b25bc054be6f) Importer(815301076,1909f56bfc062723c751e8b465ee728b)  -> (artifact id: '2e8f9d0c6488027bf755b9fe4a9b6b74') in 0.064002 seconds
  Import took 0.070481 seconds .

========================================================================
Received Import Request.
  Time since last request: 0.006424 seconds.
  path: Assets/VIDEO ESTADO.fbx
  artifactKey: Guid(6930269d486fe614cae7b25bc054be6f) Importer(815301076,1909f56bfc062723c751e8b465ee728b)
Start importing Assets/VIDEO ESTADO.fbx using Guid(6930269d486fe614cae7b25bc054be6f) Importer(815301076,1909f56bfc062723c751e8b465ee728b)  -> (artifact id: '2e8f9d0c6488027bf755b9fe4a9b6b74') in 0.060078 seconds
  Import took 0.067477 seconds .

========================================================================
Received Import Request.
  Time since last request: 13.013239 seconds.
  path: Assets/VIDEO ESTADO@Idle.fbx
  artifactKey: Guid(a69e188c593517648b07238871c63827) Importer(815301076,1909f56bfc062723c751e8b465ee728b)
Start importing Assets/VIDEO ESTADO@Idle.fbx using Guid(a69e188c593517648b07238871c63827) Importer(815301076,1909f56bfc062723c751e8b465ee728b)  -> (artifact id: 'bbf2c3747a5686fbd0b88f48d82b95ba') in 0.013084 seconds
  Import took 0.018284 seconds .

========================================================================
Received Import Request.
  Time since last request: 0.000361 seconds.
  path: Assets/VIDEO ESTADO@Running.fbx
  artifactKey: Guid(ff8acc986c2b6914398a7b14b571b7de) Importer(815301076,1909f56bfc062723c751e8b465ee728b)
Start importing Assets/VIDEO ESTADO@Running.fbx using Guid(ff8acc986c2b6914398a7b14b571b7de) Importer(815301076,1909f56bfc062723c751e8b465ee728b)  -> (artifact id: 'fd2dcac59c5d76194fc09ef2d567df9e') in 0.012124 seconds
  Import took 0.015808 seconds .

========================================================================
Received Import Request.
  Time since last request: 0.002315 seconds.
  path: Assets/VIDEO ESTADO@Running.fbx
  artifactKey: Guid(ff8acc986c2b6914398a7b14b571b7de) Importer(815301076,1909f56bfc062723c751e8b465ee728b)
Start importing Assets/VIDEO ESTADO@Running.fbx using Guid(ff8acc986c2b6914398a7b14b571b7de) Importer(815301076,1909f56bfc062723c751e8b465ee728b)  -> (artifact id: 'fd2dcac59c5d76194fc09ef2d567df9e') in 0.012588 seconds
  Import took 0.015882 seconds .

========================================================================
Received Prepare
Registering precompiled user dll's ...
Registered in 0.004096 seconds.
Begin MonoManager ReloadAssembly
Native extension for WindowsStandalone target not found
Refreshing native plugins compatible for Editor in 0.36 ms, found 0 plugins.
Preloading 0 native plugins for Editor in 0.00 ms.
Invoked RoslynAnalysisRunner static constructor.
RoslynAnalysisRunner will not be running.
RoslynAnalysisRunner has terminated.
Mono: successfully reloaded assembly
- Completed reload, in  1.477 seconds
Platform modules already initialized, skipping
Refreshing native plugins compatible for Editor in 0.27 ms, found 0 plugins.
Preloading 0 native plugins for Editor in 0.00 ms.
Unloading 1110 Unused Serialized files (Serialized files now loaded: 0)
System memory in use before: 73.9 MB.
System memory in use after: 74.0 MB.

Unloading 6 unused Assets to reduce memory usage. Loaded Objects now: 1571.
Total: 2.613300 ms (FindLiveObjects: 0.287400 ms CreateObjectMapping: 0.083500 ms MarkObjects: 2.157800 ms  DeleteObjects: 0.083000 ms)

========================================================================
Received Import Request.
  Time since last request: 148.825835 seconds.
  path: Assets/MOVIMIENTO.cs
  artifactKey: Guid(aac739d03dc9a1141b42610c32a62e24) Importer(815301076,1909f56bfc062723c751e8b465ee728b)
Start importing Assets/MOVIMIENTO.cs using Guid(aac739d03dc9a1141b42610c32a62e24) Importer(815301076,1909f56bfc062723c751e8b465ee728b)  -> (artifact id: '5ddb8848e25cc1fd228246d2599a786c') in 0.031532 seconds
  Import took 0.035792 seconds .

========================================================================
Received Prepare
Registering precompiled user dll's ...
Registered in 0.002516 seconds.
Begin MonoManager ReloadAssembly
Native extension for WindowsStandalone target not found
Refreshing native plugins compatible for Editor in 0.31 ms, found 0 plugins.
Preloading 0 native plugins for Editor in 0.00 ms.
Invoked RoslynAnalysisRunner static constructor.
RoslynAnalysisRunner will not be running.
RoslynAnalysisRunner has terminated.
Mono: successfully reloaded assembly
- Completed reload, in  1.896 seconds
Platform modules already initialized, skipping
Refreshing native plugins compatible for Editor in 0.43 ms, found 0 plugins.
Preloading 0 native plugins for Editor in 0.00 ms.
Unloading 1111 Unused Serialized files (Serialized files now loaded: 0)
System memory in use before: 74.0 MB.
System memory in use after: 74.1 MB.

Unloading 5 unused Assets to reduce memory usage. Loaded Objects now: 1575.
Total: 2.691100 ms (FindLiveObjects: 0.182600 ms CreateObjectMapping: 0.090900 ms MarkObjects: 2.330300 ms  DeleteObjects: 0.085400 ms)

========================================================================
Received Prepare
Registering precompiled user dll's ...
Registered in 0.001481 seconds.
Begin MonoManager ReloadAssembly
Native extension for WindowsStandalone target not found
Refreshing native plugins compatible for Editor in 0.24 ms, found 0 plugins.
Preloading 0 native plugins for Editor in 0.00 ms.
Invoked RoslynAnalysisRunner static constructor.
RoslynAnalysisRunner will not be running.
RoslynAnalysisRunner has terminated.
Mono: successfully reloaded assembly
- Completed reload, in  1.124 seconds
Platform modules already initialized, skipping
Refreshing native plugins compatible for Editor in 0.24 ms, found 0 plugins.
Preloading 0 native plugins for Editor in 0.00 ms.
Unloading 1111 Unused Serialized files (Serialized files now loaded: 0)
System memory in use before: 74.0 MB.
System memory in use after: 74.1 MB.

Unloading 5 unused Assets to reduce memory usage. Loaded Objects now: 1578.
Total: 3.657600 ms (FindLiveObjects: 0.517600 ms CreateObjectMapping: 0.168700 ms MarkObjects: 2.892700 ms  DeleteObjects: 0.073900 ms)

========================================================================
Received Import Request.
  Time since last request: 242.454712 seconds.
  path: Assets/MOVIMIENTO.cs
  artifactKey: Guid(aac739d03dc9a1141b42610c32a62e24) Importer(815301076,1909f56bfc062723c751e8b465ee728b)
Start importing Assets/MOVIMIENTO.cs using Guid(aac739d03dc9a1141b42610c32a62e24) Importer(815301076,1909f56bfc062723c751e8b465ee728b)  -> (artifact id: 'b2e3f1802b4c09156e686d20118cd151') in 0.006756 seconds
  Import took 0.009484 seconds .

========================================================================
Received Prepare
Registering precompiled user dll's ...
Registered in 0.002991 seconds.
Begin MonoManager ReloadAssembly
Native extension for WindowsStandalone target not found
Refreshing native plugins compatible for Editor in 0.67 ms, found 0 plugins.
Preloading 0 native plugins for Editor in 0.00 ms.
Invoked RoslynAnalysisRunner static constructor.
RoslynAnalysisRunner will not be running.
RoslynAnalysisRunner has terminated.
Mono: successfully reloaded assembly
- Completed reload, in  1.710 seconds
Platform modules already initialized, skipping
Refreshing native plugins compatible for Editor in 0.30 ms, found 0 plugins.
Preloading 0 native plugins for Editor in 0.00 ms.
Unloading 1111 Unused Serialized files (Serialized files now loaded: 0)
System memory in use before: 74.0 MB.
System memory in use after: 74.1 MB.

Unloading 5 unused Assets to reduce memory usage. Loaded Objects now: 1581.
Total: 3.092500 ms (FindLiveObjects: 0.625600 ms CreateObjectMapping: 0.242600 ms MarkObjects: 2.153600 ms  DeleteObjects: 0.067600 ms)

========================================================================
Received Prepare
Registering precompiled user dll's ...
Registered in 0.008735 seconds.
Begin MonoManager ReloadAssembly
Native extension for WindowsStandalone target not found
Refreshing native plugins compatible for Editor in 0.45 ms, found 0 plugins.
Preloading 0 native plugins for Editor in 0.00 ms.
Invoked RoslynAnalysisRunner static constructor.
RoslynAnalysisRunner will not be running.
RoslynAnalysisRunner has terminated.
Mono: successfully reloaded assembly
- Completed reload, in  1.884 seconds
Platform modules already initialized, skipping
Refreshing native plugins compatible for Editor in 0.29 ms, found 0 plugins.
Preloading 0 native plugins for Editor in 0.00 ms.
Unloading 1111 Unused Serialized files (Serialized files now loaded: 0)
System memory in use before: 74.0 MB.
System memory in use after: 74.1 MB.

Unloading 5 unused Assets to reduce memory usage. Loaded Objects now: 1584.
Total: 4.507900 ms (FindLiveObjects: 0.487000 ms CreateObjectMapping: 0.160000 ms MarkObjects: 3.774500 ms  DeleteObjects: 0.083500 ms)

========================================================================
Received Prepare
Registering precompiled user dll's ...
Registered in 0.004034 seconds.
Begin MonoManager ReloadAssembly
Native extension for WindowsStandalone target not found
Refreshing native plugins compatible for Editor in 0.40 ms, found 0 plugins.
Preloading 0 native plugins for Editor in 0.00 ms.
Invoked RoslynAnalysisRunner static constructor.
RoslynAnalysisRunner will not be running.
RoslynAnalysisRunner has terminated.
Mono: successfully reloaded assembly
- Completed reload, in  1.976 seconds
Platform modules already initialized, skipping
Refreshing native plugins compatible for Editor in 0.28 ms, found 0 plugins.
Preloading 0 native plugins for Editor in 0.00 ms.
Unloading 1111 Unused Serialized files (Serialized files now loaded: 0)
System memory in use before: 74.1 MB.
System memory in use after: 74.1 MB.

Unloading 5 unused Assets to reduce memory usage. Loaded Objects now: 1587.
Total: 2.725300 ms (FindLiveObjects: 0.169400 ms CreateObjectMapping: 0.052400 ms MarkObjects: 2.417800 ms  DeleteObjects: 0.084000 ms)

========================================================================
Received Import Request.
  Time since last request: 209.615250 seconds.
  path: Assets/move.controller
  artifactKey: Guid(ec4a43aa3ef020e4db7d4a2b0e5875e6) Importer(815301076,1909f56bfc062723c751e8b465ee728b)
Start importing Assets/move.controller using Guid(ec4a43aa3ef020e4db7d4a2b0e5875e6) Importer(815301076,1909f56bfc062723c751e8b465ee728b)  -> (artifact id: '8052e9b15a54424398e4e5aad8ecb9d2') in 0.032335 seconds
  Import took 0.035916 seconds .

========================================================================
Received Import Request.
  Time since last request: 83.503580 seconds.
  path: Assets/VIDEO ESTADO@Running.fbx
  artifactKey: Guid(ff8acc986c2b6914398a7b14b571b7de) Importer(815301076,1909f56bfc062723c751e8b465ee728b)
Start importing Assets/VIDEO ESTADO@Running.fbx using Guid(ff8acc986c2b6914398a7b14b571b7de) Importer(815301076,1909f56bfc062723c751e8b465ee728b)  -> (artifact id: 'b0c367b87daba39cdb09d4c85fc763ad') in 0.030229 seconds
  Import took 0.033271 seconds .

========================================================================
Received Import Request.
  Time since last request: 2.744213 seconds.
  path: Assets/VIDEO ESTADO@Idle.fbx
  artifactKey: Guid(a69e188c593517648b07238871c63827) Importer(815301076,1909f56bfc062723c751e8b465ee728b)
Start importing Assets/VIDEO ESTADO@Idle.fbx using Guid(a69e188c593517648b07238871c63827) Importer(815301076,1909f56bfc062723c751e8b465ee728b)  -> (artifact id: '74f76fada6b6daa7bef8212c1fc3ad6f') in 0.009804 seconds
  Import took 0.013575 seconds .

========================================================================
Received Import Request.
  Time since last request: 0.002460 seconds.
  path: Assets/VIDEO ESTADO@Idle.fbx
  artifactKey: Guid(a69e188c593517648b07238871c63827) Importer(815301076,1909f56bfc062723c751e8b465ee728b)
Start importing Assets/VIDEO ESTADO@Idle.fbx using Guid(a69e188c593517648b07238871c63827) Importer(815301076,1909f56bfc062723c751e8b465ee728b)  -> (artifact id: '74f76fada6b6daa7bef8212c1fc3ad6f') in 0.010254 seconds
  Import took 0.013987 seconds .

========================================================================
Received Prepare
Registering precompiled user dll's ...
Registered in 0.002411 seconds.
Begin MonoManager ReloadAssembly
Native extension for WindowsStandalone target not found
Refreshing native plugins compatible for Editor in 0.24 ms, found 0 plugins.
Preloading 0 native plugins for Editor in 0.00 ms.
Invoked RoslynAnalysisRunner static constructor.
RoslynAnalysisRunner will not be running.
RoslynAnalysisRunner has terminated.
Mono: successfully reloaded assembly
- Completed reload, in  1.129 seconds
Platform modules already initialized, skipping
Refreshing native plugins compatible for Editor in 0.26 ms, found 0 plugins.
Preloading 0 native plugins for Editor in 0.00 ms.
Unloading 1111 Unused Serialized files (Serialized files now loaded: 0)
System memory in use before: 74.1 MB.
System memory in use after: 74.1 MB.

Unloading 5 unused Assets to reduce memory usage. Loaded Objects now: 1590.
Total: 2.626000 ms (FindLiveObjects: 0.148700 ms CreateObjectMapping: 0.044800 ms MarkObjects: 2.369800 ms  DeleteObjects: 0.061500 ms)

========================================================================
Received Import Request.
  Time since last request: 408.011558 seconds.
  path: Assets/VIDEO ESTADO.fbx
  artifactKey: Guid(6930269d486fe614cae7b25bc054be6f) Importer(815301076,1909f56bfc062723c751e8b465ee728b)
Start importing Assets/VIDEO ESTADO.fbx using Guid(6930269d486fe614cae7b25bc054be6f) Importer(815301076,1909f56bfc062723c751e8b465ee728b)  -> (artifact id: '57abe166cfd2ba3c39720a569953ac63') in 0.173111 seconds
  Import took 0.177477 seconds .

========================================================================
Received Import Request.
  Time since last request: 0.000411 seconds.
  path: Assets/VIDEO ESTADO@Jumping.fbx
  artifactKey: Guid(e5ce2070490c8e44e97e21d3597924b7) Importer(815301076,1909f56bfc062723c751e8b465ee728b)
Start importing Assets/VIDEO ESTADO@Jumping.fbx using Guid(e5ce2070490c8e44e97e21d3597924b7) Importer(815301076,1909f56bfc062723c751e8b465ee728b)  -> (artifact id: '2d293b84a18f6d86d77cec55b5ef066c') in 0.013494 seconds
  Import took 0.017132 seconds .

========================================================================
Received Import Request.
  Time since last request: 13.721490 seconds.
  path: Assets/VIDEO ESTADO@Jumping.fbx
  artifactKey: Guid(e5ce2070490c8e44e97e21d3597924b7) Importer(815301076,1909f56bfc062723c751e8b465ee728b)
Start importing Assets/VIDEO ESTADO@Jumping.fbx using Guid(e5ce2070490c8e44e97e21d3597924b7) Importer(815301076,1909f56bfc062723c751e8b465ee728b)  -> (artifact id: 'e8bb9d740aa99c650062a0011f4df174') in 0.010317 seconds
  Import took 0.013908 seconds .

========================================================================
Received Import Request.
  Time since last request: 0.004912 seconds.
  path: Assets/VIDEO ESTADO@Jumping.fbx
  artifactKey: Guid(e5ce2070490c8e44e97e21d3597924b7) Importer(815301076,1909f56bfc062723c751e8b465ee728b)
Start importing Assets/VIDEO ESTADO@Jumping.fbx using Guid(e5ce2070490c8e44e97e21d3597924b7) Importer(815301076,1909f56bfc062723c751e8b465ee728b)  -> (artifact id: 'e8bb9d740aa99c650062a0011f4df174') in 0.009521 seconds
  Import took 0.012712 seconds .

========================================================================
Received Prepare
Registering precompiled user dll's ...
Registered in 0.001503 seconds.
Begin MonoManager ReloadAssembly
Native extension for WindowsStandalone target not found
Refreshing native plugins compatible for Editor in 0.24 ms, found 0 plugins.
Preloading 0 native plugins for Editor in 0.00 ms.
Invoked RoslynAnalysisRunner static constructor.
RoslynAnalysisRunner will not be running.
RoslynAnalysisRunner has terminated.
Mono: successfully reloaded assembly
- Completed reload, in  1.118 seconds
Platform modules already initialized, skipping
Refreshing native plugins compatible for Editor in 0.31 ms, found 0 plugins.
Preloading 0 native plugins for Editor in 0.00 ms.
Unloading 1111 Unused Serialized files (Serialized files now loaded: 0)
System memory in use before: 74.1 MB.
System memory in use after: 74.2 MB.

Unloading 6 unused Assets to reduce memory usage. Loaded Objects now: 1594.
Total: 2.097500 ms (FindLiveObjects: 0.267300 ms CreateObjectMapping: 0.067200 ms MarkObjects: 1.699300 ms  DeleteObjects: 0.061800 ms)

========================================================================
Received Prepare
Registering precompiled user dll's ...
Registered in 0.002477 seconds.
Begin MonoManager ReloadAssembly
Native extension for WindowsStandalone target not found
Refreshing native plugins compatible for Editor in 0.30 ms, found 0 plugins.
Preloading 0 native plugins for Editor in 0.00 ms.
Invoked RoslynAnalysisRunner static constructor.
RoslynAnalysisRunner will not be running.
RoslynAnalysisRunner has terminated.
Mono: successfully reloaded assembly
- Completed reload, in  1.179 seconds
Platform modules already initialized, skipping
Refreshing native plugins compatible for Editor in 0.30 ms, found 0 plugins.
Preloading 0 native plugins for Editor in 0.00 ms.
Unloading 1111 Unused Serialized files (Serialized files now loaded: 0)
System memory in use before: 74.1 MB.
System memory in use after: 74.2 MB.

Unloading 5 unused Assets to reduce memory usage. Loaded Objects now: 1597.
Total: 2.688000 ms (FindLiveObjects: 0.431100 ms CreateObjectMapping: 0.090600 ms MarkObjects: 2.095300 ms  DeleteObjects: 0.068300 ms)

========================================================================
Received Prepare
Registering precompiled user dll's ...
Registered in 0.002205 seconds.
Begin MonoManager ReloadAssembly
Native extension for WindowsStandalone target not found
Refreshing native plugins compatible for Editor in 0.33 ms, found 0 plugins.
Preloading 0 native plugins for Editor in 0.00 ms.
Invoked RoslynAnalysisRunner static constructor.
RoslynAnalysisRunner will not be running.
RoslynAnalysisRunner has terminated.
Mono: successfully reloaded assembly
- Completed reload, in  1.457 seconds
Platform modules already initialized, skipping
Refreshing native plugins compatible for Editor in 0.27 ms, found 0 plugins.
Preloading 0 native plugins for Editor in 0.00 ms.
Unloading 1111 Unused Serialized files (Serialized files now loaded: 0)
System memory in use before: 74.1 MB.
System memory in use after: 74.2 MB.

Unloading 5 unused Assets to reduce memory usage. Loaded Objects now: 1600.
Total: 3.004900 ms (FindLiveObjects: 0.298400 ms CreateObjectMapping: 0.190800 ms MarkObjects: 2.434100 ms  DeleteObjects: 0.080100 ms)

========================================================================
Received Prepare
Registering precompiled user dll's ...
Registered in 0.002160 seconds.
Begin MonoManager ReloadAssembly
Native extension for WindowsStandalone target not found
Refreshing native plugins compatible for Editor in 0.29 ms, found 0 plugins.
Preloading 0 native plugins for Editor in 0.00 ms.
Invoked RoslynAnalysisRunner static constructor.
RoslynAnalysisRunner will not be running.
RoslynAnalysisRunner has terminated.
Mono: successfully reloaded assembly
- Completed reload, in  1.438 seconds
Platform modules already initialized, skipping
Refreshing native plugins compatible for Editor in 0.25 ms, found 0 plugins.
Preloading 0 native plugins for Editor in 0.00 ms.
Unloading 1111 Unused Serialized files (Serialized files now loaded: 0)
System memory in use before: 74.1 MB.
System memory in use after: 74.2 MB.

Unloading 5 unused Assets to reduce memory usage. Loaded Objects now: 1603.
Total: 2.486400 ms (FindLiveObjects: 0.188600 ms CreateObjectMapping: 0.049300 ms MarkObjects: 2.184300 ms  DeleteObjects: 0.062900 ms)

========================================================================
Received Prepare
Registering precompiled user dll's ...
Registered in 0.001427 seconds.
Begin MonoManager ReloadAssembly
Native extension for WindowsStandalone target not found
Refreshing native plugins compatible for Editor in 0.25 ms, found 0 plugins.
Preloading 0 native plugins for Editor in 0.00 ms.
Invoked RoslynAnalysisRunner static constructor.
RoslynAnalysisRunner will not be running.
RoslynAnalysisRunner has terminated.
Mono: successfully reloaded assembly
- Completed reload, in  1.145 seconds
Platform modules already initialized, skipping
Refreshing native plugins compatible for Editor in 0.26 ms, found 0 plugins.
Preloading 0 native plugins for Editor in 0.00 ms.
Unloading 1111 Unused Serialized files (Serialized files now loaded: 0)
System memory in use before: 74.1 MB.
System memory in use after: 74.2 MB.

Unloading 5 unused Assets to reduce memory usage. Loaded Objects now: 1606.
Total: 1.921900 ms (FindLiveObjects: 0.176100 ms CreateObjectMapping: 0.043800 ms MarkObjects: 1.646800 ms  DeleteObjects: 0.054100 ms)

========================================================================
Received Prepare
Registering precompiled user dll's ...
Registered in 0.001566 seconds.
Begin MonoManager ReloadAssembly
Native extension for WindowsStandalone target not found
Refreshing native plugins compatible for Editor in 0.28 ms, found 0 plugins.
Preloading 0 native plugins for Editor in 0.00 ms.
Invoked RoslynAnalysisRunner static constructor.
RoslynAnalysisRunner will not be running.
RoslynAnalysisRunner has terminated.
Mono: successfully reloaded assembly
- Completed reload, in  1.584 seconds
Platform modules already initialized, skipping
Refreshing native plugins compatible for Editor in 0.53 ms, found 0 plugins.
Preloading 0 native plugins for Editor in 0.00 ms.
Unloading 1111 Unused Serialized files (Serialized files now loaded: 0)
System memory in use before: 74.1 MB.
System memory in use after: 74.2 MB.

Unloading 5 unused Assets to reduce memory usage. Loaded Objects now: 1609.
Total: 4.510600 ms (FindLiveObjects: 0.368500 ms CreateObjectMapping: 0.157900 ms MarkObjects: 3.877100 ms  DeleteObjects: 0.101500 ms)

========================================================================
Received Import Request.
  Time since last request: 1289.188958 seconds.
  path: Assets/MOVIMIENTO.cs
  artifactKey: Guid(aac739d03dc9a1141b42610c32a62e24) Importer(815301076,1909f56bfc062723c751e8b465ee728b)
Start importing Assets/MOVIMIENTO.cs using Guid(aac739d03dc9a1141b42610c32a62e24) Importer(815301076,1909f56bfc062723c751e8b465ee728b)  -> (artifact id: '0642c48beb5f41454e2355e850b56e6a') in 0.014406 seconds
  Import took 0.021304 seconds .

========================================================================
Received Prepare
Registering precompiled user dll's ...
Registered in 0.001900 seconds.
Begin MonoManager ReloadAssembly
Native extension for WindowsStandalone target not found
Refreshing native plugins compatible for Editor in 0.28 ms, found 0 plugins.
Preloading 0 native plugins for Editor in 0.00 ms.
Invoked RoslynAnalysisRunner static constructor.
RoslynAnalysisRunner will not be running.
RoslynAnalysisRunner has terminated.
Mono: successfully reloaded assembly
- Completed reload, in  1.244 seconds
Platform modules already initialized, skipping
Refreshing native plugins compatible for Editor in 0.28 ms, found 0 plugins.
Preloading 0 native plugins for Editor in 0.00 ms.
Unloading 1111 Unused Serialized files (Serialized files now loaded: 0)
System memory in use before: 74.1 MB.
System memory in use after: 74.2 MB.

Unloading 5 unused Assets to reduce memory usage. Loaded Objects now: 1612.
Total: 2.382900 ms (FindLiveObjects: 0.159100 ms CreateObjectMapping: 0.054700 ms MarkObjects: 2.103500 ms  DeleteObjects: 0.064400 ms)

AssetImportWorkerClient::OnTransportError - code=2 error=End of file
